100 300 12 2 5 50 2 5 ; tagged_scaled = -4.845695 * t^0.385921
100 300 12 2 5 50 2 5 ; tagged_scaled = -4.563987 * t^0.336077
100 300 12 2 5 50 2 5 ; tagged_scaled = -4.478115 * t^0.307531
100 300 12 1 5 50 2 5 ; tagged_scaled = -4.146544 * t^0.524696
100 300 12 1 5 50 2 5 ; tagged_scaled = -4.263129 * t^0.558481
100 300 12 1 5 50 2 5 ; tagged_scaled = -3.786134 * t^0.405399
100 300 12 1 5 50 2 5 ; tagged_scaled = -4.490244 * t^0.631896
100 300 12 1 5 50 2 5 ; tagged_scaled = -4.162293 * t^0.544981
100 300 12 1 5 50 2 5 ; tagged_scaled = -4.131440 * t^0.518809
100 300 12 1 5 50 2 5 ; tagged_scaled = -4.177538 * t^0.545925
100 300 12 0 5 50 2 5 ; tagged_scaled = -4.731297 * t^0.343737
100 300 12 0 5 50 2 5 ; tagged_scaled = -4.838306 * t^0.440597
100 300 12 0 5 50 2 5 ; tagged_scaled = -4.904217 * t^0.420342
100 300 12 0 5 50 2 5 ; tagged_scaled = -4.981066 * t^0.441773
100 300 12 0 5 50 2 5 ; tagged_scaled = -4.803827 * t^0.374789
100 300 12 0 5 50 2 5 ; tagged_scaled = -4.849422 * t^0.379611
100 300 12 0 5 50 2 5 ; tagged_scaled = -4.450877 * t^0.300543
100 300 12 0 5 50 2 5 ; tagged_scaled = -4.937436 * t^0.424264
300 600 12 0 5 50 2 5 ; tagged_scaled = -5.478701 * t^0.372513
300 600 12 0 5 50 2 5 ; tagged_scaled = -5.232251 * t^0.336615
300 600 12 0 5 50 2 5 ; tagged_scaled = -5.219184 * t^0.320298
300 600 12 0 5 50 2 5 ; tagged_scaled = -5.352806 * t^0.382853
300 600 12 0 5 50 2 5 ; tagged_scaled = -5.250286 * t^0.354477
300 600 12 1 5 50 2 5 ; tagged_scaled = -4.911509 * t^0.508725
300 600 12 1 5 50 2 5 ; tagged_scaled = -4.859323 * t^0.498702
300 600 12 1 5 50 2 5 ; tagged_scaled = -4.702242 * t^0.403835
300 600 12 1 5 50 2 5 ; tagged_scaled = -4.548848 * t^0.393331
300 600 12 1 5 50 2 5 ; tagged_scaled = -5.289009 * t^0.602165
300 600 12 1 5 50 2 5 ; tagged_scaled = -5.011647 * t^0.550691
300 600 12 1 5 50 2 5 ; tagged_scaled = -5.166110 * t^0.599387
300 600 12 2 5 50 2 5 ; tagged_scaled = -5.170319 * t^0.301760
300 600 12 2 5 50 2 5 ; tagged_scaled = -5.781549 * t^0.491244
300 600 12 2 5 50 2 5 ; tagged_scaled = -5.817121 * t^0.473541
300 600 12 2 5 50 2 5 ; tagged_scaled = -5.660679 * t^0.455884
300 600 12 2 5 50 2 5 ; tagged_scaled = -5.430275 * t^0.389596
300 600 12 2 5 50 2 5 ; tagged_scaled = -5.503717 * t^0.394939
300 600 12 2 5 50 2 5 ; tagged_scaled = -5.566955 * t^0.425061
300 600 12 2 5 50 2 5 ; tagged_scaled = -5.607125 * t^0.415150
300 600 12 2 5 50 2 5 ; tagged_scaled = -5.656486 * t^0.459897
100 300 12 2 5 50 5 5 ; tagged_scaled = -4.630827 * t^0.381150
100 300 12 2 5 50 5 5 ; tagged_scaled = -5.005221 * t^0.467219
100 300 12 1 5 50 5 5 ; tagged_scaled = -3.599786 * t^0.320368
100 300 12 1 5 50 5 5 ; tagged_scaled = -3.424789 * t^0.279560
100 300 12 1 5 50 5 5 ; tagged_scaled = -3.529853 * t^0.305179
100 300 12 0 5 50 5 5 ; tagged_scaled = -5.181028 * t^0.508429
100 300 12 0 5 50 5 5 ; tagged_scaled = -5.135502 * t^0.471269
100 300 12 1 5 50 5 5 ; tagged_scaled = -3.580565 * t^0.312040
