10 20000 6 1 2 5 ; T_pc = L^2.986191
10 20000 6 1 2 5 ; T_pc = L^2.844128
10 20000 6 1 2 5 ; T_pc = L^2.901086
4 1000 7 1 2 5 ; T_pc = L^3.167742
3 1000 7 1 2 5 ; T_pc = L^3.409549
3 1000 7 1 2 5 ; T_pc = L^3.217974
3 10000 8 1 2 5 ; T_pc = L^3.177081
5 10000 5 5 2 5 ; T_pc = L^3.047472
5 10000 5 5 2 5 ; T_pc = L^2.916620
5 10000 5 5 2 5 ; T_pc = L^2.949637
5 10000 5 5 2 5 ; T_pc = L^2.975772
5 10000 5 5 2 5 ; T_pc = L^3.009579
5 10000 5 5 2 5 ; T_pc = L^3.205367
5 10000 5 5 2 5 ; T_pc = L^3.082484
5 10000 5 5 2 5 ; T_pc = L^2.848910
5 10000 5 5 2 5 ; T_pc = L^2.803014
5 10000 5 5 2 5 ; T_pc = L^3.066418
5 10000 5 5 2 5 ; T_pc = L^3.081791
5 10000 5 5 2 5 ; T_pc = L^3.004438
5 10000 5 5 2 5 ; T_pc = L^3.213579
5 10000 5 5 2 5 ; T_pc = L^3.047125
5 10000 5 5 2 5 ; T_pc = L^3.052367
5 10000 5 5 2 5 ; T_pc = L^3.129418
5 10000 5 10 2 5 ; T_pc = L^3.206278
5 10000 5 10 2 5 ; T_pc = L^3.183227
5 10000 5 50 2 5 ; T_pc = L^3.022629
5 10000 5 50 2 5 ; T_pc = L^3.068322
5 10000 5 50 2 5 ; T_pc = L^3.143418
5 10000 5 50 2 5 ; T_pc = L^2.934630
5 10000 5 50 2 5 ; T_pc = L^2.973238
